<?xml version="1.0" encoding="UTF-8"?>
<testng-results skipped="0" failed="0" ignored="0" total="1" passed="1">
  <reporter-output>
  </reporter-output>
  <suite name="Default suite" duration-ms="7038" started-at="2021-06-06T21:53:59 EDT" finished-at="2021-06-06T21:54:06 EDT">
    <groups>
    </groups>
    <test name="Default test" duration-ms="7038" started-at="2021-06-06T21:53:59 EDT" finished-at="2021-06-06T21:54:06 EDT">
      <class name="com.facebok.LoginTests.LoginAccountWithConstructorTest">
        <test-method status="PASS" signature="setup()[pri:0, instance:com.facebok.LoginTests.LoginAccountWithConstructorTest@6321e813]" name="setup" is-config="true" duration-ms="5875" started-at="2021-06-06T21:53:59 EDT" finished-at="2021-06-06T21:54:05 EDT">
          <reporter-output>
          </reporter-output>
        </test-method> <!-- setup -->
        <test-method status="PASS" signature="loginTest()[pri:0, instance:com.facebok.LoginTests.LoginAccountWithConstructorTest@6321e813]" name="loginTest" duration-ms="384" started-at="2021-06-06T21:54:05 EDT" finished-at="2021-06-06T21:54:05 EDT">
          <reporter-output>
          </reporter-output>
        </test-method> <!-- loginTest -->
        <test-method status="PASS" signature="finish()[pri:0, instance:com.facebok.LoginTests.LoginAccountWithConstructorTest@6321e813]" name="finish" is-config="true" duration-ms="731" started-at="2021-06-06T21:54:05 EDT" finished-at="2021-06-06T21:54:06 EDT">
          <reporter-output>
          </reporter-output>
        </test-method> <!-- finish -->
      </class> <!-- com.facebok.LoginTests.LoginAccountWithConstructorTest -->
    </test> <!-- Default test -->
  </suite> <!-- Default suite -->
</testng-results>
